<?xml version="1.0" encoding="UTF-8"?>
<!-- Generated by org.testng.reporters.JUnitReportReporter -->
<testsuite hostname="YogaFire-LP" name="runner.MainRunner" tests="1" failures="0" timestamp="22 Dec 2018 20:59:55 GMT" time="41.634" errors="0">
  <testcase name="feature" time="41.634" classname="runner.MainRunner"/>
</testsuite> <!-- runner.MainRunner -->
